$ next build
▲ Next.js 16.2.6 (Turbopack)
- Environments: .env.local
- Cache Components enabled

  Creating an optimized production build ...
✓ Compiled successfully in 3.1s
  Running TypeScript ...
  Finished TypeScript in 3.6s ...
  Collecting page data using 10 workers ...
  Generating static pages using 10 workers (0/15) ...
  Generating static pages using 10 workers (3/15) 
  Generating static pages using 10 workers (7/15) 
  Generating static pages using 10 workers (11/15) 
✓ Generating static pages using 10 workers (15/15) in 392ms
  Finalizing page optimization ...

Route (app)                        Revalidate  Expire
┌ ○ /
├ ○ /_not-found
├ ○ /about
├ ○ /auth/auth-code-error
├ ƒ /auth/callback
├ ƒ /auth/confirm
├ ◐ /dashboard                            15m      1y
├ ◐ /dashboard/new                        15m      1y
├ ○ /forgot-password
├ ◐ /login
├ ◐ /private-item/[privateItemId]
│ └ /private-item/[privateItemId]
├ ◐ /private-items                        15m      1y
├ ◐ /sign-up
└ ◐ /update-password


ƒ Proxy (Middleware)

○  (Static)             prerendered as static content
◐  (Partial Prerender)  prerendered as static HTML with dynamic server-streamed content
ƒ  (Dynamic)            server-rendered on demand

$ next-sitemap --config next-sitemap.config.cjs
✨ [next-sitemap] Loading next-sitemap config: file:///Users/pengkai/datingimage/apps/web/next-sitemap.config.cjs
✅ [next-sitemap] Generation completed
┌───────────────┬────────┐
│ (index)       │ Values │
├───────────────┼────────┤
│ indexSitemaps │ 1      │
│ sitemaps      │ 1      │
└───────────────┴────────┘
-----------------------------------------------------
 SITEMAP INDICES 
-----------------------------------------------------

   ○ https://my-awesome-saas.com/sitemap.xml


-----------------------------------------------------
 SITEMAPS 
-----------------------------------------------------

   ○ https://my-awesome-saas.com/sitemap-0.xml


